make all --print-data-base --no-builtin-variables --no-builtin-rules --question
make: *** No rule to make target 'all'.  Stop.

# GNU Make 4.2.1
# Built for x86_64-pc-linux-gnu
# Copyright (C) 1988-2016 Free Software Foundation, Inc.
# License GPLv3+: GNU GPL version 3 or later <http://gnu.org/licenses/gpl.html>
# This is free software: you are free to change and redistribute it.
# There is NO WARRANTY, to the extent permitted by law.

# Make data base, printed on Sat May 28 22:49:05 2022

# Variables

# automatic
<D = $(patsubst %/,%,$(dir $<))
# automatic
?F = $(notdir $?)
# environment
PAPERSIZE = a4
# environment
DESKTOP_SESSION = xubuntu
# default
.SHELLFLAGS := -c
# environment
XDG_SESSION_CLASS = user
# environment
SNAP_COMMON = /var/snap/code/common
# environment
XDG_SESSION_TYPE = x11
# environment
VSCODE_LOG_NATIVE = false
# automatic
?D = $(patsubst %/,%,$(dir $?))
# automatic
@D = $(patsubst %/,%,$(dir $@))
# environment
XAUTHORITY = /home/giovanni/.Xauthority
# environment
GDMSESSION = xubuntu
# default
MAKE_VERSION := 4.2.1
# makefile
CURDIR := /home/giovanni/repo/stepit/arduino
# makefile
SHELL = /bin/sh
# environment
SNAP_DATA = /var/snap/code/97
# environment
GDM_LANG = en_US
# environment
VSCODE_NLS_CONFIG = {"locale":"en-us","availableLanguages":{},"_languagePackSupport":true}
# environment
_ = /snap/code/97/usr/share/code/code
# environment
XDG_CONFIG_DIRS = /etc/xdg/xdg-xubuntu:/etc/xdg:/etc/xdg
# environment
SNAP_INSTANCE_NAME = code
# environment
SNAP_ARCH = amd64
# environment
GTK_OVERLAY_SCROLLING = 0
# makefile
MAKEFILE_LIST := 
# environment
ROS_DOMAIN_ID = 50
# 'override' directive
GNUMAKEFLAGS := 
# environment
MAKELEVEL := 0
# environment
MANDATORY_PATH = /usr/share/gconf/xubuntu.mandatory.path
# environment
XDG_DATA_DIRS = /usr/share/xubuntu:/usr/share/xfce4:/usr/local/share:/usr/share:/var/lib/snapd/desktop:/usr/share
# environment
DBUS_SESSION_BUS_ADDRESS = unix:path=/run/user/1000/bus
# environment
VSCODE_VERBOSE_LOGGING = true
# environment
QT_SCALE_FACTOR = 2
# automatic
@F = $(notdir $@)
# environment
ROS_PYTHON_VERSION = 3
# environment
LESSOPEN = | /usr/bin/lesspipe %s
# environment
LS_COLORS = 
# environment
LC_NAME = en_IE.UTF-8
# environment
VSCODE_CWD = /home/giovanni
# environment
XDG_SESSION_PATH = /org/freedesktop/DisplayManager/Session0
# environment
GSETTINGS_SCHEMA_DIR = /snap/code/97/usr/share/glib-2.0/schemas
# default
MAKE_HOST := x86_64-pc-linux-gnu
# environment
PATH = /home/giovanni/.local/bin:/home/giovanni/repo/studio_ws/install/ur_robot_driver/bin:/home/giovanni/repo/studio_ws/install/moveit_kinematics/bin:/home/giovanni/repo/studio_ws/install/moveit_core/bin:/home/giovanni/repo/studio_ws/install/apriltag/bin:/opt/ros/rolling/bin:/home/giovanni/.local/bin:/usr/local/sbin:/usr/local/bin:/usr/sbin:/usr/bin:/sbin:/bin:/usr/games:/usr/local/games:/snap/bin:/home/giovanni/repo/studio_ws/src/moveit_studio/bin
# environment
XDG_SESSION_DESKTOP = xubuntu
# environment
GPG_AGENT_INFO = /run/user/1000/gnupg/S.gpg-agent:0:1
# environment
SESSION_MANAGER = local/Kinetic:@/tmp/.ICE-unix/2185,unix/Kinetic:/tmp/.ICE-unix/2185
# environment
BAMF_DESKTOP_FILE_HINT = /var/lib/snapd/desktop/applications/code_code.desktop
# environment
GDK_PIXBUF_MODULE_FILE = /home/giovanni/snap/code/common/.cache/gdk-pixbuf-loaders.cache
# environment
SNAP = /snap/code/97
# environment
STUDIO_CONFIG_PACKAGE = picknik_ur5e_temp_sim_config
# environment
LOG_LEVEL = DEBUG
# environment
SNAP_VERSION = c3511e6c
# environment
STUDIO_REPO = /home/giovanni/repo/studio_ws/src/moveit_studio
# environment
XDG_MENU_PREFIX = xfce-
# environment
VSCODE_LOG_STACK = false
# environment
DISABLE_WAYLAND = 1
# environment
ELECTRON_RUN_AS_NODE = 1
# environment
GDK_PIXBUF_MODULEDIR = /snap/code/97/usr/lib/x86_64-linux-gnu/gdk-pixbuf-2.0/2.10.0/loaders
# default
.FEATURES := target-specific order-only second-expansion else-if shortest-stem undefine oneshell archives jobserver output-sync check-symlink load
# environment
CMAKE_PREFIX_PATH = /home/giovanni/repo/studio_ws/install/ros2_controllers:/home/giovanni/repo/studio_ws/install/velocity_controllers:/home/giovanni/repo/studio_ws/install/ur_calibration:/home/giovanni/repo/studio_ws/install/picknik_ur5e_temp_sim_config:/home/giovanni/repo/studio_ws/install/picknik_ur5e_joe_config:/home/giovanni/repo/studio_ws/install/picknik_ur5e_cyndaquil_config:/home/giovanni/repo/studio_ws/install/picknik_ur5e_charmander_config:/home/giovanni/repo/studio_ws/install/picknik_ur5_moltres_config:/home/giovanni/repo/studio_ws/install/picknik_ur5e_base_config:/home/giovanni/repo/studio_ws/install/picknik_kinova_gen3_totodile_config:/home/giovanni/repo/studio_ws/install/picknik_kinova_gen3_temp_sim_config:/home/giovanni/repo/studio_ws/install/picknik_kinova_gen3_squirtle_config:/home/giovanni/repo/studio_ws/install/picknik_kinova_gen3_base_config:/home/giovanni/repo/studio_ws/install/moveit_studio:/home/giovanni/repo/studio_ws/install/moveit_studio_behavior:/home/giovanni/repo/studio_ws/install/moveit_studio_behavior_interface:/home/giovanni/repo/studio_ws/install/moveit_studio_utils:/home/giovanni/repo/studio_ws/install/moveit_studio_agent:/home/giovanni/repo/studio_ws/install/ur_robot_driver:/home/giovanni/repo/studio_ws/install/ur_controllers:/home/giovanni/repo/studio_ws/install/ur_msgs:/home/giovanni/repo/studio_ws/install/ur_moveit_config:/home/giovanni/repo/studio_ws/install/ur_bringup:/home/giovanni/repo/studio_ws/install/ur_description:/home/giovanni/repo/studio_ws/install/ur_dashboard_msgs:/home/giovanni/repo/studio_ws/install/ur_client_library:/home/giovanni/repo/studio_ws/install/ros2_control:/home/giovanni/repo/studio_ws/install/transmission_interface:/home/giovanni/repo/studio_ws/install/moveit_studio_vision:/home/giovanni/repo/studio_ws/install/rviz_visual_tools:/home/giovanni/repo/studio_ws/install/moveit_task_constructor_visualization:/home/giovanni/repo/studio_ws/install/moveit_task_constructor_demo:/home/giovanni/repo/studio_ws/install/moveit_task_constructor_capabilities:/home/giovanni/repo/studio_ws/install/moveit_task_constructor_core:/home/giovanni/repo/studio_ws/install/rviz_marker_tools:/home/giovanni/repo/studio_ws/install/ros2_control_demos:/home/giovanni/repo/studio_ws/install/ros2_control_demo_bringup:/home/giovanni/repo/studio_ws/install/rrbot_description:/home/giovanni/repo/studio_ws/install/rosparam_shortcuts:/home/giovanni/repo/studio_ws/install/moveit_hybrid_planning:/home/giovanni/repo/studio_ws/install/kortex2_bringup:/home/giovanni/repo/studio_ws/install/controller_manager:/home/giovanni/repo/studio_ws/install/ros2_control_test_assets:/home/giovanni/repo/studio_ws/install/ros2_control_demo_hardware:/home/giovanni/repo/studio_ws/install/robotiq_85_gripper:/home/giovanni/repo/studio_ws/install/robotiq_85_msgs:/home/giovanni/repo/studio_ws/install/robotiq_85_description:/home/giovanni/repo/studio_ws/install/picknik_accessories:/home/giovanni/repo/studio_ws/install/realsense2_description:/home/giovanni/repo/studio_ws/install/realsense2_camera:/home/giovanni/repo/studio_ws/install/realsense2_camera_msgs:/home/giovanni/repo/studio_ws/install/position_controllers:/home/giovanni/repo/studio_ws/install/pilz_industrial_motion_planner_testutils:/home/giovanni/repo/studio_ws/install/moveit_runtime:/home/giovanni/repo/studio_ws/install/moveit:/home/giovanni/repo/studio_ws/install/moveit_planners:/home/giovanni/repo/studio_ws/install/pilz_industrial_motion_planner:/home/giovanni/repo/studio_ws/install/node_editor:/home/giovanni/repo/studio_ws/install/moveit_task_constructor_msgs:/home/giovanni/repo/studio_ws/install/moveit_studio_ur_kinematics:/home/giovanni/repo/studio_ws/install/moveit_studio_ros_control_interface:/home/giovanni/repo/studio_ws/install/moveit_studio_msgs:/home/giovanni/repo/studio_ws/install/moveit_studio_agent_msgs:/home/giovanni/repo/studio_ws/install/moveit_studio_behavior_msgs:/home/giovanni/repo/studio_ws/install/moveit_studio_agent_interface_msgs:/home/giovanni/repo/studio_ws/install/moveit_ros_control_interface:/home/giovanni/repo/studio_ws/install/moveit_plugins:/home/giovanni/repo/studio_ws/install/moveit_simple_controller_manager:/home/giovanni/repo/studio_ws/install/moveit_setup_assistant:/home/giovanni/repo/studio_ws/install/moveit_servo:/home/giovanni/repo/studio_ws/install/moveit_ros:/home/giovanni/repo/studio_ws/install/gen3_robotiq_2f_85_move_it_config:/home/giovanni/repo/studio_ws/install/gen3_move_it_config:/home/giovanni/repo/studio_ws/install/moveit_ros_visualization:/home/giovanni/repo/studio_ws/install/moveit_ros_planning_interface:/home/giovanni/repo/studio_ws/install/moveit_ros_benchmarks:/home/giovanni/repo/studio_ws/install/moveit_ros_warehouse:/home/giovanni/repo/studio_ws/install/moveit_ros_robot_interaction:/home/giovanni/repo/studio_ws/install/moveit_ros_perception:/home/giovanni/repo/studio_ws/install/moveit_resources_prbt_pg70_support:/home/giovanni/repo/studio_ws/install/moveit_resources_prbt_moveit_config:/home/giovanni/repo/studio_ws/install/moveit_ros_move_group:/home/giovanni/repo/studio_ws/install/moveit_planners_ompl:/home/giovanni/repo/studio_ws/install/moveit_ros_planning:/home/giovanni/repo/studio_ws/install/moveit_ros_occupancy_map_monitor:/home/giovanni/repo/studio_ws/install/moveit_resources_prbt_support:/home/giovanni/repo/studio_ws/install/moveit_resources_prbt_ikfast_manipulator_plugin:/home/giovanni/repo/studio_ws/install/moveit_planners_chomp:/home/giovanni/repo/studio_ws/install/moveit_kinematics:/home/giovanni/repo/studio_ws/install/moveit_chomp_optimizer_adapter:/home/giovanni/repo/studio_ws/install/chomp_motion_planner:/home/giovanni/repo/studio_ws/install/moveit_core:/home/giovanni/repo/studio_ws/install/moveit_common:/home/giovanni/repo/studio_ws/install/kortex_description:/home/giovanni/repo/studio_ws/install/kortex2_driver:/home/giovanni/repo/studio_ws/install/kortex_api:/home/giovanni/repo/studio_ws/install/kortex2_controllers:/home/giovanni/repo/studio_ws/install/joint_trajectory_controller:/home/giovanni/repo/studio_ws/install/joint_state_broadcaster:/home/giovanni/repo/studio_ws/install/imu_sensor_broadcaster:/home/giovanni/repo/studio_ws/install/gripper_controllers:/home/giovanni/repo/studio_ws/install/effort_controllers:/home/giovanni/repo/studio_ws/install/forward_command_controller:/home/giovanni/repo/studio_ws/install/force_torque_sensor_broadcaster:/home/giovanni/repo/studio_ws/install/diff_drive_controller:/home/giovanni/repo/studio_ws/install/controller_interface:/home/giovanni/repo/studio_ws/install/hardware_interface:/home/giovanni/repo/studio_ws/install/groot:/home/giovanni/repo/studio_ws/install/diffbot_description:/home/giovanni/repo/studio_ws/install/controller_manager_msgs:/home/giovanni/repo/studio_ws/install/control_toolbox:/home/giovanni/repo/studio_ws/install/control_msgs:/home/giovanni/repo/studio_ws/install/apriltag_ros:/home/giovanni/repo/studio_ws/install/apriltag_msgs:/home/giovanni/repo/studio_ws/install/apriltag:/home/giovanni/repo/studio_ws/install/affordance_primitives
# environment
PS1_USER = \[\033[34m\][\u]\[\]
# environment
XDG_GREETER_DATA_DIR = /var/lib/lightdm-data/giovanni
# environment
ROS_LOCALHOST_ONLY = 0
# environment
ROS_DISTRO = rolling
# environment
SSH_AUTH_SOCK = /run/user/1000/keyring/ssh
# automatic
%F = $(notdir $%)
# environment
RCUTILS_COLORIZED_OUTPUT = 1
# environment
DISPLAY = :0.0
# environment
_JAVA_OPTIONS = -Dsun.java2d.uiScale=2
# environment
VSCODE_PIPE_LOGGING = true
# environment
SNAP_INSTANCE_KEY = 
# environment
PWD = /home/giovanni/repo/stepit/arduino
# environment
QT_QPA_PLATFORMTHEME = gtk2
# default
.LOADED := 
# environment
XDG_SEAT = seat0
# environment
SSH_AGENT_PID = 2269
# environment
PKG_CONFIG_PATH = /home/giovanni/repo/studio_ws/install/ur_client_library/lib/x86_64-linux-gnu/pkgconfig:/home/giovanni/repo/studio_ws/install/ur_client_library/lib/pkgconfig:/home/giovanni/repo/studio_ws/install/apriltag/lib/x86_64-linux-gnu/pkgconfig:/home/giovanni/repo/studio_ws/install/apriltag/lib/pkgconfig
# environment
RMW_IMPLEMENTATION = rmw_cyclonedds_cpp
# environment
COLCON_PREFIX_PATH = /home/giovanni/repo/studio_ws/install
# environment
VSCODE_AMD_ENTRYPOINT = vs/workbench/api/node/extensionHostProcess
# environment
HOME = /home/giovanni
# environment
LD_LIBRARY_PATH = /home/giovanni/repo/studio_ws/install/velocity_controllers/lib:/home/giovanni/repo/studio_ws/install/moveit_studio_behavior/lib:/home/giovanni/repo/studio_ws/install/moveit_studio_behavior_interface/lib:/home/giovanni/repo/studio_ws/install/moveit_studio_utils/lib:/home/giovanni/repo/studio_ws/install/moveit_studio_agent/lib:/home/giovanni/repo/studio_ws/install/ur_robot_driver/lib:/home/giovanni/repo/studio_ws/install/ur_controllers/lib:/home/giovanni/repo/studio_ws/install/ur_msgs/lib:/home/giovanni/repo/studio_ws/install/ur_dashboard_msgs/lib:/home/giovanni/repo/studio_ws/install/ur_client_library/lib:/home/giovanni/repo/studio_ws/install/moveit_studio_vision/lib:/home/giovanni/repo/studio_ws/install/rviz_visual_tools/lib:/home/giovanni/repo/studio_ws/install/moveit_task_constructor_visualization/lib:/home/giovanni/repo/studio_ws/install/moveit_task_constructor_demo/lib:/home/giovanni/repo/studio_ws/install/moveit_task_constructor_capabilities/lib:/home/giovanni/repo/studio_ws/install/moveit_task_constructor_core/lib:/home/giovanni/repo/studio_ws/install/rviz_marker_tools/lib:/home/giovanni/repo/studio_ws/install/rosparam_shortcuts/lib:/home/giovanni/repo/studio_ws/install/moveit_hybrid_planning/lib:/home/giovanni/repo/studio_ws/install/controller_manager/lib:/home/giovanni/repo/studio_ws/install/ros2_control_demo_hardware/lib:/home/giovanni/repo/studio_ws/install/robotiq_85_msgs/lib:/home/giovanni/repo/studio_ws/install/realsense2_camera/lib:/home/giovanni/repo/studio_ws/install/realsense2_camera_msgs/lib:/home/giovanni/repo/studio_ws/install/position_controllers/lib:/home/giovanni/repo/studio_ws/install/pilz_industrial_motion_planner_testutils/lib:/home/giovanni/repo/studio_ws/install/pilz_industrial_motion_planner/lib:/home/giovanni/repo/studio_ws/install/node_editor/lib:/home/giovanni/repo/studio_ws/install/moveit_task_constructor_msgs/lib:/home/giovanni/repo/studio_ws/install/moveit_studio_ur_kinematics/lib:/home/giovanni/repo/studio_ws/install/moveit_studio_ros_control_interface/lib:/home/giovanni/repo/studio_ws/install/moveit_studio_agent_msgs/lib:/home/giovanni/repo/studio_ws/install/moveit_studio_behavior_msgs/lib:/home/giovanni/repo/studio_ws/install/moveit_studio_agent_interface_msgs/lib:/home/giovanni/repo/studio_ws/install/moveit_ros_control_interface/lib:/home/giovanni/repo/studio_ws/install/moveit_simple_controller_manager/lib:/home/giovanni/repo/studio_ws/install/moveit_setup_assistant/lib:/home/giovanni/repo/studio_ws/install/moveit_servo/lib:/home/giovanni/repo/studio_ws/install/moveit_ros_visualization/lib:/home/giovanni/repo/studio_ws/install/moveit_ros_planning_interface/lib:/home/giovanni/repo/studio_ws/install/moveit_ros_benchmarks/lib:/home/giovanni/repo/studio_ws/install/moveit_ros_warehouse/lib:/home/giovanni/repo/studio_ws/install/moveit_ros_robot_interaction/lib:/home/giovanni/repo/studio_ws/install/moveit_ros_perception/lib:/home/giovanni/repo/studio_ws/install/moveit_ros_move_group/lib:/home/giovanni/repo/studio_ws/install/moveit_planners_ompl/lib:/home/giovanni/repo/studio_ws/install/moveit_ros_planning/lib:/home/giovanni/repo/studio_ws/install/moveit_ros_occupancy_map_monitor/lib:/home/giovanni/repo/studio_ws/install/moveit_resources_prbt_ikfast_manipulator_plugin/lib:/home/giovanni/repo/studio_ws/install/moveit_planners_chomp/lib:/home/giovanni/repo/studio_ws/install/moveit_kinematics/lib:/home/giovanni/repo/studio_ws/install/moveit_chomp_optimizer_adapter/lib:/home/giovanni/repo/studio_ws/install/chomp_motion_planner/lib:/home/giovanni/repo/studio_ws/install/moveit_core/lib:/home/giovanni/repo/studio_ws/install/kortex2_driver/lib:/home/giovanni/repo/studio_ws/install/kortex_api/lib:/home/giovanni/repo/studio_ws/install/kortex2_controllers/lib:/home/giovanni/repo/studio_ws/install/joint_trajectory_controller/lib:/home/giovanni/repo/studio_ws/install/joint_state_broadcaster/lib:/home/giovanni/repo/studio_ws/install/imu_sensor_broadcaster/lib:/home/giovanni/repo/studio_ws/install/gripper_controllers/lib:/home/giovanni/repo/studio_ws/install/effort_controllers/lib:/home/giovanni/repo/studio_ws/install/forward_command_controller/lib:/home/giovanni/repo/studio_ws/install/force_torque_sensor_broadcaster/lib:/home/giovanni/repo/studio_ws/install/diff_drive_controller/lib:/home/giovanni/repo/studio_ws/install/controller_interface/lib:/home/giovanni/repo/studio_ws/install/hardware_interface/lib:/home/giovanni/repo/studio_ws/install/groot/lib:/home/giovanni/repo/studio_ws/install/controller_manager_msgs/lib:/home/giovanni/repo/studio_ws/install/control_toolbox/lib:/home/giovanni/repo/studio_ws/install/control_msgs/lib:/home/giovanni/repo/studio_ws/install/apriltag_ros/lib:/home/giovanni/repo/studio_ws/install/apriltag_msgs/lib:/home/giovanni/repo/studio_ws/install/apriltag/lib:/home/giovanni/repo/studio_ws/install/affordance_primitives/lib:/usr/lib/x86_64-linux-gnu/gazebo-11/plugins:/opt/ros/rolling/opt/yaml_cpp_vendor/lib:/opt/ros/rolling/opt/rviz_ogre_vendor/lib:/opt/ros/rolling/lib/x86_64-linux-gnu:/opt/ros/rolling/lib
# environment
LESSCLOSE = /usr/bin/lesspipe %s %s
# environment
AMENT_PREFIX_PATH = /home/giovanni/repo/studio_ws/install/ros2_controllers:/home/giovanni/repo/studio_ws/install/velocity_controllers:/home/giovanni/repo/studio_ws/install/ur_calibration:/home/giovanni/repo/studio_ws/install/picknik_ur5e_temp_sim_config:/home/giovanni/repo/studio_ws/install/picknik_ur5e_joe_config:/home/giovanni/repo/studio_ws/install/picknik_ur5e_cyndaquil_config:/home/giovanni/repo/studio_ws/install/picknik_ur5e_charmander_config:/home/giovanni/repo/studio_ws/install/picknik_ur5_moltres_config:/home/giovanni/repo/studio_ws/install/picknik_ur5e_base_config:/home/giovanni/repo/studio_ws/install/picknik_kinova_gen3_totodile_config:/home/giovanni/repo/studio_ws/install/picknik_kinova_gen3_temp_sim_config:/home/giovanni/repo/studio_ws/install/picknik_kinova_gen3_squirtle_config:/home/giovanni/repo/studio_ws/install/picknik_kinova_gen3_base_config:/home/giovanni/repo/studio_ws/install/moveit_studio:/home/giovanni/repo/studio_ws/install/moveit_studio_behavior:/home/giovanni/repo/studio_ws/install/moveit_studio_behavior_interface:/home/giovanni/repo/studio_ws/install/moveit_studio_utils:/home/giovanni/repo/studio_ws/install/moveit_studio_rest_api:/home/giovanni/repo/studio_ws/install/moveit_studio_agent:/home/giovanni/repo/studio_ws/install/moveit_studio_formant_agent:/home/giovanni/repo/studio_ws/install/moveit_studio_utils_py:/home/giovanni/repo/studio_ws/install/ur_robot_driver:/home/giovanni/repo/studio_ws/install/ur_controllers:/home/giovanni/repo/studio_ws/install/ur_msgs:/home/giovanni/repo/studio_ws/install/ur_moveit_config:/home/giovanni/repo/studio_ws/install/ur_bringup:/home/giovanni/repo/studio_ws/install/ur_description:/home/giovanni/repo/studio_ws/install/ur_dashboard_msgs:/home/giovanni/repo/studio_ws/install/ros2_control:/home/giovanni/repo/studio_ws/install/transmission_interface:/home/giovanni/repo/studio_ws/install/moveit_studio_vision:/home/giovanni/repo/studio_ws/install/rviz_visual_tools:/home/giovanni/repo/studio_ws/install/moveit_task_constructor_visualization:/home/giovanni/repo/studio_ws/install/moveit_task_constructor_demo:/home/giovanni/repo/studio_ws/install/moveit_task_constructor_capabilities:/home/giovanni/repo/studio_ws/install/moveit_task_constructor_core:/home/giovanni/repo/studio_ws/install/rviz_marker_tools:/home/giovanni/repo/studio_ws/install/ros2_control_demos:/home/giovanni/repo/studio_ws/install/ros2_control_demo_bringup:/home/giovanni/repo/studio_ws/install/rrbot_description:/home/giovanni/repo/studio_ws/install/rosparam_shortcuts:/home/giovanni/repo/studio_ws/install/ros2controlcli:/home/giovanni/repo/studio_ws/install/ros2_controllers_test_nodes:/home/giovanni/repo/studio_ws/install/ros2_control_test_nodes:/home/giovanni/repo/studio_ws/install/moveit_hybrid_planning:/home/giovanni/repo/studio_ws/install/kortex2_bringup:/home/giovanni/repo/studio_ws/install/controller_manager:/home/giovanni/repo/studio_ws/install/ros2_control_test_assets:/home/giovanni/repo/studio_ws/install/ros2_control_demo_hardware:/home/giovanni/repo/studio_ws/install/robotiq_85_gripper:/home/giovanni/repo/studio_ws/install/robotiq_85_driver:/home/giovanni/repo/studio_ws/install/robotiq_85_msgs:/home/giovanni/repo/studio_ws/install/robotiq_85_description:/home/giovanni/repo/studio_ws/install/picknik_accessories:/home/giovanni/repo/studio_ws/install/realsense2_description:/home/giovanni/repo/studio_ws/install/realsense2_camera:/home/giovanni/repo/studio_ws/install/realsense2_camera_msgs:/home/giovanni/repo/studio_ws/install/position_controllers:/home/giovanni/repo/studio_ws/install/pilz_industrial_motion_planner_testutils:/home/giovanni/repo/studio_ws/install/moveit_runtime:/home/giovanni/repo/studio_ws/install/moveit:/home/giovanni/repo/studio_ws/install/moveit_planners:/home/giovanni/repo/studio_ws/install/pilz_industrial_motion_planner:/home/giovanni/repo/studio_ws/install/node_editor:/home/giovanni/repo/studio_ws/install/moveit_task_constructor_msgs:/home/giovanni/repo/studio_ws/install/moveit_studio_ur_kinematics:/home/giovanni/repo/studio_ws/install/moveit_studio_ros_control_interface:/home/giovanni/repo/studio_ws/install/moveit_studio_msgs:/home/giovanni/repo/studio_ws/install/moveit_studio_agent_msgs:/home/giovanni/repo/studio_ws/install/moveit_studio_behavior_msgs:/home/giovanni/repo/studio_ws/install/moveit_studio_agent_interface_msgs:/home/giovanni/repo/studio_ws/install/moveit_ros_control_interface:/home/giovanni/repo/studio_ws/install/moveit_plugins:/home/giovanni/repo/studio_ws/install/moveit_simple_controller_manager:/home/giovanni/repo/studio_ws/install/moveit_setup_assistant:/home/giovanni/repo/studio_ws/install/moveit_servo:/home/giovanni/repo/studio_ws/install/moveit_ros:/home/giovanni/repo/studio_ws/install/gen3_robotiq_2f_85_move_it_config:/home/giovanni/repo/studio_ws/install/gen3_move_it_config:/home/giovanni/repo/studio_ws/install/moveit_ros_visualization:/home/giovanni/repo/studio_ws/install/moveit_ros_planning_interface:/home/giovanni/repo/studio_ws/install/moveit_ros_benchmarks:/home/giovanni/repo/studio_ws/install/moveit_ros_warehouse:/home/giovanni/repo/studio_ws/install/moveit_ros_robot_interaction:/home/giovanni/repo/studio_ws/install/moveit_ros_perception:/home/giovanni/repo/studio_ws/install/moveit_resources_prbt_pg70_support:/home/giovanni/repo/studio_ws/install/moveit_resources_prbt_moveit_config:/home/giovanni/repo/studio_ws/install/moveit_ros_move_group:/home/giovanni/repo/studio_ws/install/moveit_planners_ompl:/home/giovanni/repo/studio_ws/install/moveit_ros_planning:/home/giovanni/repo/studio_ws/install/moveit_ros_occupancy_map_monitor:/home/giovanni/repo/studio_ws/install/moveit_resources_prbt_support:/home/giovanni/repo/studio_ws/install/moveit_resources_prbt_ikfast_manipulator_plugin:/home/giovanni/repo/studio_ws/install/moveit_planners_chomp:/home/giovanni/repo/studio_ws/install/moveit_kinematics:/home/giovanni/repo/studio_ws/install/moveit_chomp_optimizer_adapter:/home/giovanni/repo/studio_ws/install/chomp_motion_planner:/home/giovanni/repo/studio_ws/install/moveit_core:/home/giovanni/repo/studio_ws/install/moveit_common:/home/giovanni/repo/studio_ws/install/kortex_description:/home/giovanni/repo/studio_ws/install/kortex2_driver:/home/giovanni/repo/studio_ws/install/kortex_api:/home/giovanni/repo/studio_ws/install/kortex2_robotiq_gripper_driver:/home/giovanni/repo/studio_ws/install/kortex2_controllers:/home/giovanni/repo/studio_ws/install/joint_trajectory_controller:/home/giovanni/repo/studio_ws/install/joint_state_broadcaster:/home/giovanni/repo/studio_ws/install/imu_sensor_broadcaster:/home/giovanni/repo/studio_ws/install/gripper_controllers:/home/giovanni/repo/studio_ws/install/effort_controllers:/home/giovanni/repo/studio_ws/install/forward_command_controller:/home/giovanni/repo/studio_ws/install/force_torque_sensor_broadcaster:/home/giovanni/repo/studio_ws/install/diff_drive_controller:/home/giovanni/repo/studio_ws/install/controller_interface:/home/giovanni/repo/studio_ws/install/hardware_interface:/home/giovanni/repo/studio_ws/install/groot:/home/giovanni/repo/studio_ws/install/diffbot_description:/home/giovanni/repo/studio_ws/install/controller_manager_msgs:/home/giovanni/repo/studio_ws/install/control_toolbox:/home/giovanni/repo/studio_ws/install/control_msgs:/home/giovanni/repo/studio_ws/install/apriltag_ros:/home/giovanni/repo/studio_ws/install/apriltag_msgs:/home/giovanni/repo/studio_ws/install/affordance_primitives:/opt/ros/rolling
# environment
VSCODE_CLI = 1
# environment
VSCODE_CODE_CACHE_PATH = /home/giovanni/.config/Code/CachedData/c3511e6c69bb39013c4a4b7b9566ec1ca73fc4d5
# environment
LOGNAME = giovanni
# environment
APPLICATION_INSIGHTS_NO_DIAGNOSTIC_CHANNEL = true
# environment
SNAP_LIBRARY_PATH = /var/lib/snapd/lib/gl:/var/lib/snapd/lib/gl32:/var/lib/snapd/void
# environment
SNAP_CONTEXT = mVMgmbTHf6OYNKJTnO3f657hWVWclwAhD6b3wm1RJevEJJLxHfDP
# automatic
+F = $(notdir $+)
# environment
STUDIO_BUILD_BASE = build --cmake-args -DCMAKE_BUILD_TYPE=Release --symlink-install --event-handlers log-
# environment
SYNC_DATESTAMP = 2022-01-28
# environment
PS1_GIT_BRANCH = \[\033[38;5;2m\]$(parse_vc_branch_and_add_brackets)\[\]
# environment
ELECTRON_NO_ATTACH_CONSOLE = 1
# environment
SNAP_USER_COMMON = /home/giovanni/snap/code/common
# environment
VSCODE_HANDLES_UNCAUGHT_ERRORS = true
# automatic
^D = $(patsubst %/,%,$(dir $^))
# environment
XDG_VTNR = 7
# environment
CLUTTER_BACKEND = x11
# environment
LC_TIME = en_IE.UTF-8
# environment
SNAP_REAL_HOME = /home/giovanni
# default
MAKE = $(MAKE_COMMAND)
# default
MAKECMDGOALS := all
# environment
SNAP_USER_DATA = /home/giovanni/snap/code/97
# environment
SHLVL = 0
# environment
ROSDISTRO_INDEX_URL = https://raw.githubusercontent.com/ros/rosdistro/rolling/2022-01-28/index-v4.yaml
# environment
VSCODE_IPC_HOOK_EXTHOST = /run/user/1000/vscode-ipc-5779553e-3b83-4404-8221-917de4c7e57a.sock
# environment
XDG_SESSION_ID = c2
# environment
USER = giovanni
# environment
SNAP_REVISION = 97
# environment
LC_MONETARY = en_IE.UTF-8
# makefile
.DEFAULT_GOAL := 
# environment
XDG_CURRENT_DESKTOP = XFCE
# automatic
%D = $(patsubst %/,%,$(dir $%))
# environment
LC_TELEPHONE = en_IE.UTF-8
# default
MAKE_COMMAND := make
# environment
CYCLONEDDS_URI = /home/giovanni/.ros/cyclonedds.xml
# default
.VARIABLES := 
# automatic
*F = $(notdir $*)
# environment
LANGUAGE = en_US
# environment
XDG_SEAT_PATH = /org/freedesktop/DisplayManager/Seat0
# environment
VSCODE_IPC_HOOK = /run/user/1000/vscode-cfb51435-1.67.2-main.sock
# environment
PANEL_GDK_CORE_DEVICE_EVENTS = 0
# environment
PYTHONPATH = /home/giovanni/repo/studio_ws/build/moveit_studio_rest_api/src:/home/giovanni/repo/studio_ws/install/moveit_studio_rest_api/lib/python3.8/site-packages:/home/giovanni/repo/studio_ws/build/moveit_studio_formant_agent/src:/home/giovanni/repo/studio_ws/install/moveit_studio_formant_agent/lib/python3.8/site-packages:/home/giovanni/repo/studio_ws/build/moveit_studio_utils_py/src:/home/giovanni/repo/studio_ws/install/moveit_studio_utils_py/lib/python3.8/site-packages:/home/giovanni/repo/studio_ws/install/ur_robot_driver/lib/python3.8/site-packages:/home/giovanni/repo/studio_ws/install/ur_msgs/lib/python3.8/site-packages:/home/giovanni/repo/studio_ws/install/ur_moveit_config/lib/python3.8/site-packages:/home/giovanni/repo/studio_ws/install/ur_dashboard_msgs/lib/python3.8/site-packages:/home/giovanni/repo/studio_ws/build/ros2controlcli:/home/giovanni/repo/studio_ws/install/ros2controlcli/lib/python3.8/site-packages:/home/giovanni/repo/studio_ws/build/ros2_controllers_test_nodes:/home/giovanni/repo/studio_ws/install/ros2_controllers_test_nodes/lib/python3.8/site-packages:/home/giovanni/repo/studio_ws/build/ros2_control_test_nodes:/home/giovanni/repo/studio_ws/install/ros2_control_test_nodes/lib/python3.8/site-packages:/home/giovanni/repo/studio_ws/install/controller_manager/lib/python3.8/site-packages:/home/giovanni/repo/studio_ws/build/robotiq_85_driver:/home/giovanni/repo/studio_ws/install/robotiq_85_driver/lib/python3.8/site-packages:/home/giovanni/repo/studio_ws/install/robotiq_85_msgs/lib/python3.8/site-packages:/home/giovanni/repo/studio_ws/install/realsense2_camera_msgs/lib/python3.8/site-packages:/home/giovanni/repo/studio_ws/install/moveit_task_constructor_msgs/lib/python3.8/site-packages:/home/giovanni/repo/studio_ws/install/moveit_studio_agent_msgs/lib/python3.8/site-packages:/home/giovanni/repo/studio_ws/install/moveit_studio_behavior_msgs/lib/python3.8/site-packages:/home/giovanni/repo/studio_ws/install/moveit_studio_agent_interface_msgs/lib/python3.8/site-packages:/home/giovanni/repo/studio_ws/build/kortex2_robotiq_gripper_driver:/home/giovanni/repo/studio_ws/install/kortex2_robotiq_gripper_driver/lib/python3.8/site-packages:/home/giovanni/repo/studio_ws/install/controller_manager_msgs/lib/python3.8/site-packages:/home/giovanni/repo/studio_ws/install/control_msgs/lib/python3.8/site-packages:/home/giovanni/repo/studio_ws/install/apriltag_msgs/lib/python3.8/site-packages:/opt/ros/rolling/lib/python3.8/site-packages
# makefile
MAKEFLAGS = pqrR
# environment
MFLAGS = -pqrR
# automatic
*D = $(patsubst %/,%,$(dir $*))
# environment
ROS_VERSION = 2
# automatic
+D = $(patsubst %/,%,$(dir $+))
# environment
GDK_BACKEND = x11
# environment
LC_PAPER = en_IE.UTF-8
# environment
QT_ACCESSIBILITY = 1
# environment
DEFAULTS_PATH = /usr/share/gconf/xubuntu.default.path
# default
MAKEFILES := 
# environment
SNAP_COOKIE = mVMgmbTHf6OYNKJTnO3f657hWVWclwAhD6b3wm1RJevEJJLxHfDP
# environment
LC_NUMERIC = en_IE.UTF-8
# automatic
<F = $(notdir $<)
# environment
PS1 = ${debian_chroot:+($debian_chroot)}\u@\h:\w\$ \[\033[38;5;2m\]$(parse_vc_branch_and_add_brackets)\[\]
# environment
LC_MEASUREMENT = en_IE.UTF-8
# environment
SNAP_NAME = code
# environment
LC_ALL = C
# environment
STUDIO_WS = /home/giovanni/repo/studio_ws
# automatic
^F = $(notdir $^)
# default
SUFFIXES := 
# environment
STUDIO_IS_SIMULATED = True
# environment
SNAP_REEXEC = 
# environment
CHROME_DESKTOP = code-url-handler.desktop
# environment
GAZEBO_MODEL_PATH = /home/giovanni/repo/studio_ws/install/rrbot_description/share
# default
.INCLUDE_DIRS = /usr/include /usr/local/include /usr/include
# environment
LC_IDENTIFICATION = en_IE.UTF-8
# default
.RECIPEPREFIX := 
# environment
LC_ADDRESS = en_IE.UTF-8
# environment
XDG_RUNTIME_DIR = /run/user/1000
# environment
LANG = C
# environment
ORIGINAL_XDG_CURRENT_DESKTOP = XFCE
# environment
VSCODE_PID = 3602
# variable set hash-table stats:
 
# Load=157/1024=15%, Rehash=0, Collisions=25/179=14%

# Pattern-specific Variable Values

# No pattern-specific variable values.

# Directories

# . (device 66310, inode 28722432): 4 files, no impossibilities.

# 4 files, no impossibilities in 1 directories.

# Implicit Rules

# No implicit rules.

# Files

# Not a target:
all:
#  Command line target.
#  Implicit rule search has been done.
#  File does not exist.
#  File has not been updated.

# Not a target:
Makefile:
#  Implicit rule search has been done.
#  File does not exist.
#  File has been updated.
#  Failed to be updated.

# Not a target:
makefile:
#  Implicit rule search has been done.
#  File does not exist.
#  File has been updated.
#  Failed to be updated.

# Not a target:
.DEFAULT:
#  Implicit rule search has not been done.
#  Modification time never checked.
#  File has not been updated.

# Not a target:
GNUmakefile:
#  Implicit rule search has been done.
#  File does not exist.
#  File has been updated.
#  Failed to be updated.

# files hash-table stats:
# Load=6/1024=1%, Rehash=0, Collisions=0/15=0%
# VPATH Search Paths

# No 'vpath' search paths.

# No general ('VPATH' variable) search path.

# strcache buffers: 1 (0) / strings = 12 / storage = 105 B / avg = 8 B
# current buf: size = 8162 B / used = 105 B / count = 12 / avg = 8 B

# strcache performance: lookups = 15 / hit rate = 20%
# hash-table stats:
# Load=12/8192=0%, Rehash=0, Collisions=1/15=7%
# Finished Make data base on Sat May 28 22:49:05 2022

 
